<?xml version="1.0" encoding="UTF-8"?>
<testng-results skipped="0" failed="0" total="1" passed="1">
  <reporter-output>
  </reporter-output>
  <suite name="Default suite" duration-ms="33031" started-at="2018-08-14T05:54:32Z" finished-at="2018-08-14T05:55:05Z">
    <groups>
    </groups>
    <test name="Default test" duration-ms="33031" started-at="2018-08-14T05:54:32Z" finished-at="2018-08-14T05:55:05Z">
      <class name="testCases.DealsProduct">
        <test-method status="PASS" signature="setUp()[pri:0, instance:testCases.DealsProduct@14cb805]" name="setUp" is-config="true" duration-ms="125" started-at="2018-08-14T11:24:32Z" finished-at="2018-08-14T11:24:32Z">
          <reporter-output>
          </reporter-output>
        </test-method> <!-- setUp -->
        <test-method status="PASS" signature="CRMLogin()[pri:0, instance:testCases.DealsProduct@14cb805]" name="CRMLogin" is-config="true" duration-ms="24034" started-at="2018-08-14T11:24:32Z" finished-at="2018-08-14T11:24:56Z">
          <reporter-output>
          </reporter-output>
        </test-method> <!-- CRMLogin -->
        <test-method status="PASS" signature="DealsProductWebTable()[pri:0, instance:testCases.DealsProduct@14cb805]" name="DealsProductWebTable" duration-ms="8791" started-at="2018-08-14T11:24:56Z" finished-at="2018-08-14T11:25:04Z">
          <reporter-output>
          </reporter-output>
        </test-method> <!-- DealsProductWebTable -->
        <test-method status="PASS" signature="getResult(org.testng.ITestResult)[pri:0, instance:testCases.DealsProduct@14cb805]" name="getResult" is-config="true" duration-ms="6" started-at="2018-08-14T11:25:04Z" finished-at="2018-08-14T11:25:04Z">
          <params>
            <param index="0">
              <value>
                <![CDATA[[TestResult name=DealsProductWebTable status=SUCCESS method=DealsProduct.DealsProductWebTable()[pri:0, instance:testCases.DealsProduct@14cb805] output={null}]]]>
              </value>
            </param>
          </params>
          <reporter-output>
          </reporter-output>
        </test-method> <!-- getResult -->
        <test-method status="PASS" signature="CloseApp()[pri:0, instance:testCases.DealsProduct@14cb805]" name="CloseApp" is-config="true" duration-ms="196" started-at="2018-08-14T11:25:04Z" finished-at="2018-08-14T11:25:05Z">
          <reporter-output>
          </reporter-output>
        </test-method> <!-- CloseApp -->
        <test-method status="PASS" signature="teardown()[pri:0, instance:testCases.DealsProduct@14cb805]" name="teardown" is-config="true" duration-ms="272" started-at="2018-08-14T11:25:05Z" finished-at="2018-08-14T11:25:05Z">
          <reporter-output>
          </reporter-output>
        </test-method> <!-- teardown -->
      </class> <!-- testCases.DealsProduct -->
    </test> <!-- Default test -->
  </suite> <!-- Default suite -->
</testng-results>
